<?xml version="1.0" encoding="UTF-8"?>
<coverage generated="1581143564609" clover="3.2.0">
  <project timestamp="1581143564609" name="All files">
    <metrics statements="57" coveredstatements="55" conditionals="60" coveredconditionals="50" methods="24" coveredmethods="22" elements="141" coveredelements="127" complexity="0" loc="57" ncloc="57" packages="5" files="10" classes="10"/>
    <package name="components">
      <metrics statements="11" coveredstatements="10" conditionals="38" coveredconditionals="29" methods="4" coveredmethods="3"/>
      <file name="Item.js" path="/Users/egieimandha/projects/mobile/pokedex/components/Item.js">
        <metrics statements="3" coveredstatements="3" conditionals="34" coveredconditionals="26" methods="1" coveredmethods="1"/>
        <line num="26" count="49" type="stmt"/>
        <line num="28" count="49" type="stmt"/>
        <line num="58" count="1" type="stmt"/>
      </file>
      <file name="RenderIf.js" path="/Users/egieimandha/projects/mobile/pokedex/components/RenderIf.js">
        <metrics statements="3" coveredstatements="3" conditionals="2" coveredconditionals="2" methods="1" coveredmethods="1"/>
        <line num="3" count="22" type="cond" truecount="2" falsecount="0"/>
        <line num="4" count="8" type="stmt"/>
        <line num="6" count="14" type="stmt"/>
      </file>
      <file name="RootComponent.js" path="/Users/egieimandha/projects/mobile/pokedex/components/RootComponent.js">
        <metrics statements="2" coveredstatements="1" conditionals="0" coveredconditionals="0" methods="1" coveredmethods="0"/>
        <line num="8" count="1" type="stmt"/>
        <line num="9" count="0" type="stmt"/>
      </file>
      <file name="Section.js" path="/Users/egieimandha/projects/mobile/pokedex/components/Section.js">
        <metrics statements="3" coveredstatements="3" conditionals="2" coveredconditionals="1" methods="1" coveredmethods="1"/>
        <line num="5" count="3" type="stmt"/>
        <line num="7" count="3" type="stmt"/>
        <line num="14" count="1" type="stmt"/>
      </file>
      <file name="index.js" path="/Users/egieimandha/projects/mobile/pokedex/components/index.js">
        <metrics statements="0" coveredstatements="0" conditionals="0" coveredconditionals="0" methods="0" coveredmethods="0"/>
      </file>
    </package>
    <package name="components.UI">
      <metrics statements="3" coveredstatements="3" conditionals="0" coveredconditionals="0" methods="1" coveredmethods="1"/>
      <file name="BodyRegular.js" path="/Users/egieimandha/projects/mobile/pokedex/components/UI/BodyRegular.js">
        <metrics statements="3" coveredstatements="3" conditionals="0" coveredconditionals="0" methods="1" coveredmethods="1"/>
        <line num="5" count="1" type="stmt"/>
        <line num="6" count="24" type="stmt"/>
        <line num="13" count="1" type="stmt"/>
      </file>
    </package>
    <package name="constants">
      <metrics statements="2" coveredstatements="2" conditionals="0" coveredconditionals="0" methods="0" coveredmethods="0"/>
      <file name="api.js" path="/Users/egieimandha/projects/mobile/pokedex/constants/api.js">
        <metrics statements="2" coveredstatements="2" conditionals="0" coveredconditionals="0" methods="0" coveredmethods="0"/>
        <line num="1" count="4" type="stmt"/>
        <line num="2" count="4" type="stmt"/>
      </file>
      <file name="colors.js" path="/Users/egieimandha/projects/mobile/pokedex/constants/colors.js">
        <metrics statements="0" coveredstatements="0" conditionals="0" coveredconditionals="0" methods="0" coveredmethods="0"/>
      </file>
    </package>
    <package name="screens">
      <metrics statements="30" coveredstatements="29" conditionals="19" coveredconditionals="18" methods="10" coveredmethods="9"/>
      <file name="ComponentPokemon.js" path="/Users/egieimandha/projects/mobile/pokedex/screens/ComponentPokemon.js">
        <metrics statements="30" coveredstatements="29" conditionals="19" coveredconditionals="18" methods="10" coveredmethods="9"/>
        <line num="7" count="1" type="stmt"/>
        <line num="8" count="6" type="cond" truecount="4" falsecount="0"/>
        <line num="9" count="5" type="stmt"/>
        <line num="19" count="1" type="stmt"/>
        <line num="22" count="1" type="stmt"/>
        <line num="23" count="9" type="cond" truecount="2" falsecount="0"/>
        <line num="24" count="8" type="stmt"/>
        <line num="34" count="1" type="stmt"/>
        <line num="37" count="1" type="stmt"/>
        <line num="38" count="4" type="cond" truecount="5" falsecount="0"/>
        <line num="39" count="3" type="stmt"/>
        <line num="47" count="6" type="stmt"/>
        <line num="55" count="1" type="stmt"/>
        <line num="58" count="1" type="stmt"/>
        <line num="59" count="3" type="cond" truecount="2" falsecount="0"/>
        <line num="60" count="2" type="stmt"/>
        <line num="72" count="1" type="stmt"/>
        <line num="75" count="1" type="stmt"/>
        <line num="76" count="6" type="cond" truecount="2" falsecount="0"/>
        <line num="77" count="3" type="stmt"/>
        <line num="78" count="0" type="stmt"/>
        <line num="88" count="3" type="stmt"/>
        <line num="91" count="1" type="stmt"/>
        <line num="92" count="3" type="cond" truecount="2" falsecount="0"/>
        <line num="93" count="2" type="stmt"/>
        <line num="98" count="3" type="stmt"/>
        <line num="115" count="1" type="stmt"/>
        <line num="118" count="1" type="stmt"/>
        <line num="119" count="3" type="stmt"/>
        <line num="145" count="1" type="stmt"/>
      </file>
    </package>
    <package name="services">
      <metrics statements="11" coveredstatements="11" conditionals="3" coveredconditionals="3" methods="9" coveredmethods="9"/>
      <file name="pokemon.js" path="/Users/egieimandha/projects/mobile/pokedex/services/pokemon.js">
        <metrics statements="11" coveredstatements="11" conditionals="3" coveredconditionals="3" methods="9" coveredmethods="9"/>
        <line num="4" count="2" type="stmt"/>
        <line num="6" count="2" type="stmt"/>
        <line num="10" count="2" type="stmt"/>
        <line num="12" count="2" type="stmt"/>
        <line num="16" count="2" type="cond" truecount="2" falsecount="0"/>
        <line num="17" count="1" type="stmt"/>
        <line num="19" count="1" type="stmt"/>
        <line num="22" count="1" type="stmt"/>
        <line num="24" count="1" type="stmt"/>
        <line num="29" count="4" type="stmt"/>
        <line num="31" count="4" type="stmt"/>
      </file>
    </package>
  </project>
</coverage>
