{"/Users/egieimandha/projects/mobile/pokedex/components/Item.js": {"path":"/Users/egieimandha/projects/mobile/pokedex/components/Item.js","statementMap":{"0":{"start":{"line":26,"column":6},"end":{"line":26,"column":11}},"1":{"start":{"line":28,"column":2},"end":{"line":55,"column":3}},"2":{"start":{"line":58,"column":15},"end":{"line":67,"column":2}}},"fnMap":{"0":{"name":"Item","decl":{"start":{"line":5,"column":24},"end":{"line":5,"column":28}},"loc":{"start":{"line":5,"column":36},"end":{"line":56,"column":1}},"line":5}},"branchMap":{"0":{"loc":{"start":{"line":31,"column":8},"end":{"line":31,"column":58}},"type":"cond-expr","locations":[{"start":{"line":31,"column":17},"end":{"line":31,"column":39}},{"start":{"line":31,"column":42},"end":{"line":31,"column":58}}],"line":31},"1":{"loc":{"start":{"line":34,"column":14},"end":{"line":34,"column":39}},"type":"cond-expr","locations":[{"start":{"line":34,"column":21},"end":{"line":34,"column":32}},{"start":{"line":34,"column":35},"end":{"line":34,"column":39}}],"line":34},"2":{"loc":{"start":{"line":35,"column":14},"end":{"line":35,"column":51}},"type":"cond-expr","locations":[{"start":{"line":35,"column":22},"end":{"line":35,"column":44}},{"start":{"line":35,"column":47},"end":{"line":35,"column":51}}],"line":35},"3":{"loc":{"start":{"line":36,"column":14},"end":{"line":36,"column":45}},"type":"cond-expr","locations":[{"start":{"line":36,"column":22},"end":{"line":36,"column":38}},{"start":{"line":36,"column":41},"end":{"line":36,"column":45}}],"line":36},"4":{"loc":{"start":{"line":37,"column":14},"end":{"line":37,"column":48}},"type":"cond-expr","locations":[{"start":{"line":37,"column":23},"end":{"line":37,"column":41}},{"start":{"line":37,"column":44},"end":{"line":37,"column":48}}],"line":37},"5":{"loc":{"start":{"line":38,"column":14},"end":{"line":38,"column":57}},"type":"cond-expr","locations":[{"start":{"line":38,"column":22},"end":{"line":38,"column":50}},{"start":{"line":38,"column":53},"end":{"line":38,"column":57}}],"line":38},"6":{"loc":{"start":{"line":39,"column":14},"end":{"line":39,"column":53}},"type":"cond-expr","locations":[{"start":{"line":39,"column":20},"end":{"line":39,"column":46}},{"start":{"line":39,"column":49},"end":{"line":39,"column":53}}],"line":39},"7":{"loc":{"start":{"line":40,"column":14},"end":{"line":40,"column":54}},"type":"cond-expr","locations":[{"start":{"line":40,"column":23},"end":{"line":40,"column":47}},{"start":{"line":40,"column":50},"end":{"line":40,"column":54}}],"line":40},"8":{"loc":{"start":{"line":41,"column":14},"end":{"line":41,"column":66}},"type":"cond-expr","locations":[{"start":{"line":41,"column":31},"end":{"line":41,"column":59}},{"start":{"line":41,"column":62},"end":{"line":41,"column":66}}],"line":41},"9":{"loc":{"start":{"line":42,"column":14},"end":{"line":42,"column":59}},"type":"cond-expr","locations":[{"start":{"line":42,"column":27},"end":{"line":42,"column":52}},{"start":{"line":42,"column":55},"end":{"line":42,"column":59}}],"line":42},"10":{"loc":{"start":{"line":43,"column":14},"end":{"line":43,"column":73}},"type":"cond-expr","locations":[{"start":{"line":43,"column":22},"end":{"line":43,"column":66}},{"start":{"line":43,"column":69},"end":{"line":43,"column":73}}],"line":43},"11":{"loc":{"start":{"line":44,"column":14},"end":{"line":44,"column":71}},"type":"cond-expr","locations":[{"start":{"line":44,"column":29},"end":{"line":44,"column":64}},{"start":{"line":44,"column":67},"end":{"line":44,"column":71}}],"line":44},"12":{"loc":{"start":{"line":45,"column":14},"end":{"line":45,"column":69}},"type":"cond-expr","locations":[{"start":{"line":45,"column":28},"end":{"line":45,"column":62}},{"start":{"line":45,"column":65},"end":{"line":45,"column":69}}],"line":45},"13":{"loc":{"start":{"line":46,"column":14},"end":{"line":46,"column":51}},"type":"cond-expr","locations":[{"start":{"line":46,"column":20},"end":{"line":46,"column":44}},{"start":{"line":46,"column":47},"end":{"line":46,"column":51}}],"line":46},"14":{"loc":{"start":{"line":47,"column":14},"end":{"line":47,"column":57}},"type":"cond-expr","locations":[{"start":{"line":47,"column":23},"end":{"line":47,"column":50}},{"start":{"line":47,"column":53},"end":{"line":47,"column":57}}],"line":47},"15":{"loc":{"start":{"line":48,"column":14},"end":{"line":48,"column":58}},"type":"cond-expr","locations":[{"start":{"line":48,"column":32},"end":{"line":48,"column":51}},{"start":{"line":48,"column":54},"end":{"line":48,"column":58}}],"line":48},"16":{"loc":{"start":{"line":49,"column":14},"end":{"line":49,"column":52}},"type":"cond-expr","locations":[{"start":{"line":49,"column":29},"end":{"line":49,"column":45}},{"start":{"line":49,"column":48},"end":{"line":49,"column":52}}],"line":49}},"s":{"0":49,"1":49,"2":1},"f":{"0":49},"b":{"0":[0,49],"1":[0,49],"2":[23,26],"3":[18,31],"4":[5,44],"5":[0,49],"6":[0,49],"7":[18,31],"8":[0,49],"9":[8,41],"10":[24,25],"11":[0,49],"12":[0,49],"13":[24,25],"14":[0,49],"15":[15,34],"16":[5,44]},"_coverageSchema":"1a1c01bbd47fc00a2c39e90264f33305004495a9","hash":"1f2046fe772b4a7edec84f0aaae133d0eb77a3a5"}
,"/Users/egieimandha/projects/mobile/pokedex/components/RenderIf.js": {"path":"/Users/egieimandha/projects/mobile/pokedex/components/RenderIf.js","statementMap":{"0":{"start":{"line":3,"column":2},"end":{"line":7,"column":3}},"1":{"start":{"line":4,"column":4},"end":{"line":4,"column":25}},"2":{"start":{"line":6,"column":4},"end":{"line":6,"column":15}}},"fnMap":{"0":{"name":"(anonymous_0)","decl":{"start":{"line":2,"column":26},"end":{"line":2,"column":27}},"loc":{"start":{"line":2,"column":37},"end":{"line":8,"column":1}},"line":2}},"branchMap":{"0":{"loc":{"start":{"line":3,"column":2},"end":{"line":7,"column":3}},"type":"if","locations":[{"start":{"line":3,"column":2},"end":{"line":7,"column":3}},{"start":{"line":3,"column":2},"end":{"line":7,"column":3}}],"line":3}},"s":{"0":22,"1":8,"2":14},"f":{"0":22},"b":{"0":[8,14]},"_coverageSchema":"1a1c01bbd47fc00a2c39e90264f33305004495a9","hash":"95351bd331fd5235783b073401c0b5e292d9ba2e"}
,"/Users/egieimandha/projects/mobile/pokedex/components/RootComponent.js": {"path":"/Users/egieimandha/projects/mobile/pokedex/components/RootComponent.js","statementMap":{"0":{"start":{"line":8,"column":22},"end":{"line":20,"column":1}},"1":{"start":{"line":9,"column":2},"end":{"line":19,"column":3}}},"fnMap":{"0":{"name":"(anonymous_0)","decl":{"start":{"line":8,"column":22},"end":{"line":8,"column":23}},"loc":{"start":{"line":8,"column":31},"end":{"line":20,"column":1}},"line":8}},"branchMap":{},"s":{"0":1,"1":0},"f":{"0":0},"b":{},"_coverageSchema":"1a1c01bbd47fc00a2c39e90264f33305004495a9","hash":"0e90da101c741b9bffed4149682ca6076d89e0cf"}
,"/Users/egieimandha/projects/mobile/pokedex/components/Section.js": {"path":"/Users/egieimandha/projects/mobile/pokedex/components/Section.js","statementMap":{"0":{"start":{"line":5,"column":40},"end":{"line":5,"column":45}},"1":{"start":{"line":7,"column":2},"end":{"line":11,"column":3}},"2":{"start":{"line":14,"column":15},"end":{"line":19,"column":2}}},"fnMap":{"0":{"name":"Section","decl":{"start":{"line":4,"column":24},"end":{"line":4,"column":31}},"loc":{"start":{"line":4,"column":39},"end":{"line":12,"column":1}},"line":4}},"branchMap":{"0":{"loc":{"start":{"line":8,"column":59},"end":{"line":8,"column":85}},"type":"cond-expr","locations":[{"start":{"line":8,"column":70},"end":{"line":8,"column":76}},{"start":{"line":8,"column":79},"end":{"line":8,"column":85}}],"line":8}},"s":{"0":3,"1":3,"2":1},"f":{"0":3},"b":{"0":[0,3]},"_coverageSchema":"1a1c01bbd47fc00a2c39e90264f33305004495a9","hash":"5138421db853c17cbecad03ae05c24c027de1429"}
,"/Users/egieimandha/projects/mobile/pokedex/components/index.js": {"path":"/Users/egieimandha/projects/mobile/pokedex/components/index.js","statementMap":{},"fnMap":{},"branchMap":{},"s":{},"f":{},"b":{},"_coverageSchema":"1a1c01bbd47fc00a2c39e90264f33305004495a9","hash":"f278aa9a667b8e21f8b251263fc1c3068a51dd74"}
,"/Users/egieimandha/projects/mobile/pokedex/components/UI/BodyRegular.js": {"path":"/Users/egieimandha/projects/mobile/pokedex/components/UI/BodyRegular.js","statementMap":{"0":{"start":{"line":5,"column":17},"end":{"line":11,"column":1}},"1":{"start":{"line":6,"column":2},"end":{"line":10,"column":3}},"2":{"start":{"line":13,"column":15},"end":{"line":19,"column":2}}},"fnMap":{"0":{"name":"(anonymous_0)","decl":{"start":{"line":5,"column":17},"end":{"line":5,"column":18}},"loc":{"start":{"line":5,"column":26},"end":{"line":11,"column":1}},"line":5}},"branchMap":{},"s":{"0":1,"1":24,"2":1},"f":{"0":24},"b":{},"_coverageSchema":"1a1c01bbd47fc00a2c39e90264f33305004495a9","hash":"48e497f77ae8aa15eb51384781a53f4041ce43fb"}
,"/Users/egieimandha/projects/mobile/pokedex/constants/api.js": {"path":"/Users/egieimandha/projects/mobile/pokedex/constants/api.js","statementMap":{"0":{"start":{"line":1,"column":24},"end":{"line":1,"column":52}},"1":{"start":{"line":2,"column":25},"end":{"line":2,"column":100}}},"fnMap":{},"branchMap":{},"s":{"0":4,"1":4},"f":{},"b":{},"_coverageSchema":"1a1c01bbd47fc00a2c39e90264f33305004495a9","hash":"ba611fbb1089cc1167895b4f7f537d270e59d4fd"}
,"/Users/egieimandha/projects/mobile/pokedex/constants/colors.js": {"path":"/Users/egieimandha/projects/mobile/pokedex/constants/colors.js","statementMap":{},"fnMap":{},"branchMap":{},"s":{},"f":{},"b":{},"_coverageSchema":"1a1c01bbd47fc00a2c39e90264f33305004495a9","hash":"bb543b6058e7212da480a007f9ec6fb279eebf5a"}
,"/Users/egieimandha/projects/mobile/pokedex/screens/ComponentPokemon.js": {"path":"/Users/egieimandha/projects/mobile/pokedex/screens/ComponentPokemon.js","statementMap":{"0":{"start":{"line":7,"column":47},"end":{"line":20,"column":1}},"1":{"start":{"line":8,"column":2},"end":{"line":19,"column":20}},"2":{"start":{"line":9,"column":4},"end":{"line":18,"column":5}},"3":{"start":{"line":19,"column":9},"end":{"line":19,"column":20}},"4":{"start":{"line":22,"column":30},"end":{"line":35,"column":1}},"5":{"start":{"line":23,"column":2},"end":{"line":34,"column":20}},"6":{"start":{"line":24,"column":4},"end":{"line":33,"column":5}},"7":{"start":{"line":34,"column":9},"end":{"line":34,"column":20}},"8":{"start":{"line":37,"column":52},"end":{"line":56,"column":1}},"9":{"start":{"line":38,"column":2},"end":{"line":55,"column":20}},"10":{"start":{"line":39,"column":4},"end":{"line":54,"column":5}},"11":{"start":{"line":47,"column":14},"end":{"line":49,"column":15}},"12":{"start":{"line":55,"column":9},"end":{"line":55,"column":20}},"13":{"start":{"line":58,"column":35},"end":{"line":73,"column":1}},"14":{"start":{"line":59,"column":2},"end":{"line":72,"column":20}},"15":{"start":{"line":60,"column":4},"end":{"line":71,"column":5}},"16":{"start":{"line":72,"column":9},"end":{"line":72,"column":20}},"17":{"start":{"line":75,"column":29},"end":{"line":89,"column":1}},"18":{"start":{"line":76,"column":2},"end":{"line":88,"column":20}},"19":{"start":{"line":77,"column":4},"end":{"line":87,"column":5}},"20":{"start":{"line":78,"column":39},"end":{"line":78,"column":72}},"21":{"start":{"line":88,"column":9},"end":{"line":88,"column":20}},"22":{"start":{"line":91,"column":33},"end":{"line":116,"column":1}},"23":{"start":{"line":92,"column":2},"end":{"line":115,"column":3}},"24":{"start":{"line":93,"column":4},"end":{"line":114,"column":5}},"25":{"start":{"line":98,"column":36},"end":{"line":98,"column":43}},"26":{"start":{"line":115,"column":4},"end":{"line":115,"column":15}},"27":{"start":{"line":118,"column":44},"end":{"line":143,"column":1}},"28":{"start":{"line":119,"column":2},"end":{"line":142,"column":3}},"29":{"start":{"line":145,"column":15},"end":{"line":195,"column":2}}},"fnMap":{"0":{"name":"(anonymous_0)","decl":{"start":{"line":7,"column":47},"end":{"line":7,"column":48}},"loc":{"start":{"line":7,"column":68},"end":{"line":20,"column":1}},"line":7},"1":{"name":"(anonymous_1)","decl":{"start":{"line":22,"column":30},"end":{"line":22,"column":31}},"loc":{"start":{"line":22,"column":54},"end":{"line":35,"column":1}},"line":22},"2":{"name":"(anonymous_2)","decl":{"start":{"line":37,"column":52},"end":{"line":37,"column":53}},"loc":{"start":{"line":37,"column":73},"end":{"line":56,"column":1}},"line":37},"3":{"name":"(anonymous_3)","decl":{"start":{"line":46,"column":22},"end":{"line":46,"column":23}},"loc":{"start":{"line":46,"column":32},"end":{"line":50,"column":13}},"line":46},"4":{"name":"(anonymous_4)","decl":{"start":{"line":58,"column":35},"end":{"line":58,"column":36}},"loc":{"start":{"line":58,"column":60},"end":{"line":73,"column":1}},"line":58},"5":{"name":"(anonymous_5)","decl":{"start":{"line":75,"column":29},"end":{"line":75,"column":30}},"loc":{"start":{"line":75,"column":88},"end":{"line":89,"column":1}},"line":75},"6":{"name":"(anonymous_6)","decl":{"start":{"line":78,"column":33},"end":{"line":78,"column":34}},"loc":{"start":{"line":78,"column":39},"end":{"line":78,"column":72}},"line":78},"7":{"name":"(anonymous_7)","decl":{"start":{"line":91,"column":33},"end":{"line":91,"column":34}},"loc":{"start":{"line":91,"column":113},"end":{"line":116,"column":1}},"line":91},"8":{"name":"(anonymous_8)","decl":{"start":{"line":98,"column":26},"end":{"line":98,"column":27}},"loc":{"start":{"line":98,"column":36},"end":{"line":98,"column":43}},"line":98},"9":{"name":"(anonymous_9)","decl":{"start":{"line":118,"column":44},"end":{"line":118,"column":45}},"loc":{"start":{"line":118,"column":90},"end":{"line":143,"column":1}},"line":118}},"branchMap":{"0":{"loc":{"start":{"line":8,"column":2},"end":{"line":19,"column":20}},"type":"if","locations":[{"start":{"line":8,"column":2},"end":{"line":19,"column":20}},{"start":{"line":8,"column":2},"end":{"line":19,"column":20}}],"line":8},"1":{"loc":{"start":{"line":8,"column":6},"end":{"line":8,"column":19}},"type":"binary-expr","locations":[{"start":{"line":8,"column":6},"end":{"line":8,"column":10}},{"start":{"line":8,"column":14},"end":{"line":8,"column":19}}],"line":8},"2":{"loc":{"start":{"line":23,"column":2},"end":{"line":34,"column":20}},"type":"if","locations":[{"start":{"line":23,"column":2},"end":{"line":34,"column":20}},{"start":{"line":23,"column":2},"end":{"line":34,"column":20}}],"line":23},"3":{"loc":{"start":{"line":38,"column":2},"end":{"line":55,"column":20}},"type":"if","locations":[{"start":{"line":38,"column":2},"end":{"line":55,"column":20}},{"start":{"line":38,"column":2},"end":{"line":55,"column":20}}],"line":38},"4":{"loc":{"start":{"line":38,"column":6},"end":{"line":38,"column":39}},"type":"binary-expr","locations":[{"start":{"line":38,"column":6},"end":{"line":38,"column":10}},{"start":{"line":38,"column":14},"end":{"line":38,"column":19}},{"start":{"line":38,"column":23},"end":{"line":38,"column":39}}],"line":38},"5":{"loc":{"start":{"line":59,"column":2},"end":{"line":72,"column":20}},"type":"if","locations":[{"start":{"line":59,"column":2},"end":{"line":72,"column":20}},{"start":{"line":59,"column":2},"end":{"line":72,"column":20}}],"line":59},"6":{"loc":{"start":{"line":76,"column":2},"end":{"line":88,"column":20}},"type":"if","locations":[{"start":{"line":76,"column":2},"end":{"line":88,"column":20}},{"start":{"line":76,"column":2},"end":{"line":88,"column":20}}],"line":76},"7":{"loc":{"start":{"line":82,"column":17},"end":{"line":82,"column":109}},"type":"cond-expr","locations":[{"start":{"line":82,"column":52},"end":{"line":82,"column":83}},{"start":{"line":82,"column":86},"end":{"line":82,"column":109}}],"line":82},"8":{"loc":{"start":{"line":92,"column":2},"end":{"line":115,"column":3}},"type":"if","locations":[{"start":{"line":92,"column":2},"end":{"line":115,"column":3}},{"start":{"line":92,"column":2},"end":{"line":115,"column":3}}],"line":92}},"s":{"0":1,"1":6,"2":5,"3":1,"4":1,"5":9,"6":8,"7":1,"8":1,"9":4,"10":3,"11":6,"12":1,"13":1,"14":3,"15":2,"16":1,"17":1,"18":6,"19":3,"20":0,"21":3,"22":1,"23":3,"24":2,"25":3,"26":1,"27":1,"28":3,"29":1},"f":{"0":6,"1":9,"2":4,"3":6,"4":3,"5":6,"6":0,"7":3,"8":3,"9":3},"b":{"0":[5,1],"1":[6,5],"2":[8,1],"3":[3,1],"4":[4,3,3],"5":[2,1],"6":[3,3],"7":[0,3],"8":[2,1]},"_coverageSchema":"1a1c01bbd47fc00a2c39e90264f33305004495a9","hash":"e707162538603e1376b107dda9369db0a2d80ad5"}
,"/Users/egieimandha/projects/mobile/pokedex/services/pokemon.js": {"path":"/Users/egieimandha/projects/mobile/pokedex/services/pokemon.js","statementMap":{"0":{"start":{"line":4,"column":4},"end":{"line":7,"column":8}},"1":{"start":{"line":6,"column":8},"end":{"line":6,"column":30}},"2":{"start":{"line":10,"column":4},"end":{"line":13,"column":8}},"3":{"start":{"line":12,"column":8},"end":{"line":12,"column":30}},"4":{"start":{"line":16,"column":4},"end":{"line":26,"column":5}},"5":{"start":{"line":17,"column":6},"end":{"line":20,"column":8}},"6":{"start":{"line":19,"column":8},"end":{"line":19,"column":30}},"7":{"start":{"line":22,"column":6},"end":{"line":25,"column":8}},"8":{"start":{"line":24,"column":8},"end":{"line":24,"column":30}},"9":{"start":{"line":29,"column":4},"end":{"line":32,"column":8}},"10":{"start":{"line":31,"column":8},"end":{"line":31,"column":30}}},"fnMap":{"0":{"name":"(anonymous_0)","decl":{"start":{"line":3,"column":2},"end":{"line":3,"column":3}},"loc":{"start":{"line":3,"column":22},"end":{"line":8,"column":3}},"line":3},"1":{"name":"(anonymous_1)","decl":{"start":{"line":5,"column":12},"end":{"line":5,"column":13}},"loc":{"start":{"line":5,"column":26},"end":{"line":7,"column":7}},"line":5},"2":{"name":"(anonymous_2)","decl":{"start":{"line":9,"column":2},"end":{"line":9,"column":3}},"loc":{"start":{"line":9,"column":37},"end":{"line":14,"column":3}},"line":9},"3":{"name":"(anonymous_3)","decl":{"start":{"line":11,"column":12},"end":{"line":11,"column":13}},"loc":{"start":{"line":11,"column":26},"end":{"line":13,"column":7}},"line":11},"4":{"name":"(anonymous_4)","decl":{"start":{"line":15,"column":2},"end":{"line":15,"column":3}},"loc":{"start":{"line":15,"column":39},"end":{"line":27,"column":3}},"line":15},"5":{"name":"(anonymous_5)","decl":{"start":{"line":18,"column":12},"end":{"line":18,"column":13}},"loc":{"start":{"line":18,"column":26},"end":{"line":20,"column":7}},"line":18},"6":{"name":"(anonymous_6)","decl":{"start":{"line":23,"column":12},"end":{"line":23,"column":13}},"loc":{"start":{"line":23,"column":26},"end":{"line":25,"column":7}},"line":23},"7":{"name":"(anonymous_7)","decl":{"start":{"line":28,"column":2},"end":{"line":28,"column":3}},"loc":{"start":{"line":28,"column":34},"end":{"line":33,"column":3}},"line":28},"8":{"name":"(anonymous_8)","decl":{"start":{"line":30,"column":12},"end":{"line":30,"column":13}},"loc":{"start":{"line":30,"column":26},"end":{"line":32,"column":7}},"line":30}},"branchMap":{"0":{"loc":{"start":{"line":15,"column":29},"end":{"line":15,"column":37}},"type":"default-arg","locations":[{"start":{"line":15,"column":35},"end":{"line":15,"column":37}}],"line":15},"1":{"loc":{"start":{"line":16,"column":4},"end":{"line":26,"column":5}},"type":"if","locations":[{"start":{"line":16,"column":4},"end":{"line":26,"column":5}},{"start":{"line":16,"column":4},"end":{"line":26,"column":5}}],"line":16}},"s":{"0":2,"1":2,"2":2,"3":2,"4":2,"5":1,"6":1,"7":1,"8":1,"9":4,"10":4},"f":{"0":2,"1":2,"2":2,"3":2,"4":2,"5":1,"6":1,"7":4,"8":4},"b":{"0":[2],"1":[1,1]},"_coverageSchema":"1a1c01bbd47fc00a2c39e90264f33305004495a9","hash":"b7e29198819b7b5433a1bdd3cfddb4decdf98e44"}
}
