TN:
SF:components/Item.js
FN:5,Item
FNF:1
FNH:1
FNDA:49,Item
DA:26,49
DA:28,49
DA:58,1
LF:3
LH:3
BRDA:31,0,0,0
BRDA:31,0,1,49
BRDA:34,1,0,0
BRDA:34,1,1,49
BRDA:35,2,0,23
BRDA:35,2,1,26
BRDA:36,3,0,18
BRDA:36,3,1,31
BRDA:37,4,0,5
BRDA:37,4,1,44
BRDA:38,5,0,0
BRDA:38,5,1,49
BRDA:39,6,0,0
BRDA:39,6,1,49
BRDA:40,7,0,18
BRDA:40,7,1,31
BRDA:41,8,0,0
BRDA:41,8,1,49
BRDA:42,9,0,8
BRDA:42,9,1,41
BRDA:43,10,0,24
BRDA:43,10,1,25
BRDA:44,11,0,0
BRDA:44,11,1,49
BRDA:45,12,0,0
BRDA:45,12,1,49
BRDA:46,13,0,24
BRDA:46,13,1,25
BRDA:47,14,0,0
BRDA:47,14,1,49
BRDA:48,15,0,15
BRDA:48,15,1,34
BRDA:49,16,0,5
BRDA:49,16,1,44
BRF:34
BRH:26
end_of_record
TN:
SF:components/RenderIf.js
FN:2,(anonymous_0)
FNF:1
FNH:1
FNDA:22,(anonymous_0)
DA:3,22
DA:4,8
DA:6,14
LF:3
LH:3
BRDA:3,0,0,8
BRDA:3,0,1,14
BRF:2
BRH:2
end_of_record
TN:
SF:components/RootComponent.js
FN:8,(anonymous_0)
FNF:1
FNH:0
FNDA:0,(anonymous_0)
DA:8,1
DA:9,0
LF:2
LH:1
BRF:0
BRH:0
end_of_record
TN:
SF:components/Section.js
FN:4,Section
FNF:1
FNH:1
FNDA:3,Section
DA:5,3
DA:7,3
DA:14,1
LF:3
LH:3
BRDA:8,0,0,0
BRDA:8,0,1,3
BRF:2
BRH:1
end_of_record
TN:
SF:components/index.js
FNF:0
FNH:0
LF:0
LH:0
BRF:0
BRH:0
end_of_record
TN:
SF:components/UI/BodyRegular.js
FN:5,(anonymous_0)
FNF:1
FNH:1
FNDA:24,(anonymous_0)
DA:5,1
DA:6,24
DA:13,1
LF:3
LH:3
BRF:0
BRH:0
end_of_record
TN:
SF:constants/api.js
FNF:0
FNH:0
DA:1,4
DA:2,4
LF:2
LH:2
BRF:0
BRH:0
end_of_record
TN:
SF:constants/colors.js
FNF:0
FNH:0
LF:0
LH:0
BRF:0
BRH:0
end_of_record
TN:
SF:screens/ComponentPokemon.js
FN:7,(anonymous_0)
FN:22,(anonymous_1)
FN:37,(anonymous_2)
FN:46,(anonymous_3)
FN:58,(anonymous_4)
FN:75,(anonymous_5)
FN:78,(anonymous_6)
FN:91,(anonymous_7)
FN:98,(anonymous_8)
FN:118,(anonymous_9)
FNF:10
FNH:9
FNDA:6,(anonymous_0)
FNDA:9,(anonymous_1)
FNDA:4,(anonymous_2)
FNDA:6,(anonymous_3)
FNDA:3,(anonymous_4)
FNDA:6,(anonymous_5)
FNDA:0,(anonymous_6)
FNDA:3,(anonymous_7)
FNDA:3,(anonymous_8)
FNDA:3,(anonymous_9)
DA:7,1
DA:8,6
DA:9,5
DA:19,1
DA:22,1
DA:23,9
DA:24,8
DA:34,1
DA:37,1
DA:38,4
DA:39,3
DA:47,6
DA:55,1
DA:58,1
DA:59,3
DA:60,2
DA:72,1
DA:75,1
DA:76,6
DA:77,3
DA:78,0
DA:88,3
DA:91,1
DA:92,3
DA:93,2
DA:98,3
DA:115,1
DA:118,1
DA:119,3
DA:145,1
LF:30
LH:29
BRDA:8,0,0,5
BRDA:8,0,1,1
BRDA:8,1,0,6
BRDA:8,1,1,5
BRDA:23,2,0,8
BRDA:23,2,1,1
BRDA:38,3,0,3
BRDA:38,3,1,1
BRDA:38,4,0,4
BRDA:38,4,1,3
BRDA:38,4,2,3
BRDA:59,5,0,2
BRDA:59,5,1,1
BRDA:76,6,0,3
BRDA:76,6,1,3
BRDA:82,7,0,0
BRDA:82,7,1,3
BRDA:92,8,0,2
BRDA:92,8,1,1
BRF:19
BRH:18
end_of_record
TN:
SF:services/pokemon.js
FN:3,(anonymous_0)
FN:5,(anonymous_1)
FN:9,(anonymous_2)
FN:11,(anonymous_3)
FN:15,(anonymous_4)
FN:18,(anonymous_5)
FN:23,(anonymous_6)
FN:28,(anonymous_7)
FN:30,(anonymous_8)
FNF:9
FNH:9
FNDA:2,(anonymous_0)
FNDA:2,(anonymous_1)
FNDA:2,(anonymous_2)
FNDA:2,(anonymous_3)
FNDA:2,(anonymous_4)
FNDA:1,(anonymous_5)
FNDA:1,(anonymous_6)
FNDA:4,(anonymous_7)
FNDA:4,(anonymous_8)
DA:4,2
DA:6,2
DA:10,2
DA:12,2
DA:16,2
DA:17,1
DA:19,1
DA:22,1
DA:24,1
DA:29,4
DA:31,4
LF:11
LH:11
BRDA:15,0,0,2
BRDA:16,1,0,1
BRDA:16,1,1,1
BRF:3
BRH:3
end_of_record
